1558280694471	mozrunner::runner	INFO	Running command: ".\\Firefox\\App\\Firefox64\\firefox.exe" "-incognito" "-marionette" "-foreground" "-no-remote" "-profile" "C:\\Users\\VcTr\\AppData\\Local\\Temp\\rust_mozprofile.g8BmUnPY1NVp"
1558280694989	addons.webextension.screenshots@mozilla.org	WARN	Loading extension 'screenshots@mozilla.org': Reading manifest: Invalid extension permission: mozillaAddons
1558280694989	addons.webextension.screenshots@mozilla.org	WARN	Loading extension 'screenshots@mozilla.org': Reading manifest: Invalid extension permission: resource://pdf.js/
1558280694989	addons.webextension.screenshots@mozilla.org	WARN	Loading extension 'screenshots@mozilla.org': Reading manifest: Invalid extension permission: about:reader*
1558280699508	Marionette	INFO	Listening on port 49512
1558280700164	Marionette	WARN	TLS certificate errors will be ignored for this session
[Parent 3852, Gecko_IOThread] WARNING: pipe error: 109: file z:/build/build/src/ipc/chromium/src/chrome/common/ipc_channel_win.cc, line 332
console.error: BroadcastService: 
  receivedBroadcastMessage: handler for
  remote-settings/monitor_changes
  threw error:
  Message: Error: Polling for changes failed: NetworkError when attempting to fetch resource..
  Stack:
    remoteSettingsFunction/remoteSettings.pollChanges@resource://services-settings/remote-settings.js:190:13

JavaScript error: https://secured.netflix.com/fp/check.js?org_id=lg9m47ph&session_id=4d8f424c-5ec4-4ce6-ab44-dfcaaafaddd6&pageid=2128, line 62: TypeError: td_1W.td_3d is not a function
JavaScript error: https://secured.netflix.com/fp/check.js?org_id=lg9m47ph&session_id=f0025aa0-9788-4233-88f2-9d79124b4497&pageid=2128, line 90: TypeError: td_3Z is not a function
JavaScript error: https://secured.netflix.com/fp/check.js?org_id=lg9m47ph&session_id=5768a1e3-f7a7-4b60-8f9f-e6f51a25f2d3&pageid=2128, line 103: TypeError: td_2g is not a function
JavaScript error: https://secured.netflix.com/fp/check.js?org_id=lg9m47ph&session_id=0dc2cef2-05b4-4023-8404-ea6dca4a23a7&pageid=2128, line 56: TypeError: td_2z is not a function
JavaScript error: https://secured.netflix.com/fp/check.js?org_id=lg9m47ph&session_id=be7cfb95-c7ba-404e-96ae-fff41aa37b11&pageid=2128, line 81: TypeError: td_1v is not a function
JavaScript error: https://secured.netflix.com/fp/check.js?org_id=lg9m47ph&session_id=75a2f4a6-509c-44b7-abf9-d8b694138f38&pageid=2128, line 7: TypeError: td_1k.td_1j is not a constructor
JavaScript error: https://secured.netflix.com/fp/check.js?org_id=lg9m47ph&session_id=7fc1d3fc-f33c-4b10-bf9b-cffd3e60b6df&pageid=2128, line 25: TypeError: td_1P is not a function
JavaScript error: https://secured.netflix.com/fp/check.js?org_id=lg9m47ph&session_id=d829504a-985b-45ea-9ec0-322e73798aa2&pageid=2128, line 256: TypeError: td_2o is not a function
JavaScript error: https://secured.netflix.com/fp/check.js?org_id=lg9m47ph&session_id=bd9542a4-bb9e-4499-8f35-42d15701bd41&pageid=2128, line 16: TypeError: td_2C is not a function
JavaScript error: , line 0: TypeError: NetworkError when attempting to fetch resource.
JavaScript error: , line 0: TypeError: NetworkError when attempting to fetch resource.
JavaScript error: , line 0: TypeError: NetworkError when attempting to fetch resource.
JavaScript error: , line 0: TypeError: NetworkError when attempting to fetch resource.
[Child 468, Chrome_ChildThread] WARNING: pipe error: 109: file z:/build/build/src/ipc/chromium/src/chrome/common/ipc_channel_win.cc, line 332
[Child 468, Chrome_ChildThread] WARNING: pipe error: 109: file z:/build/build/src/ipc/chromium/src/chrome/common/ipc_channel_win.cc, line 332
[Child 128, Chrome_ChildThread] WARNING: pipe error: 109: file z:/build/build/src/ipc/chromium/src/chrome/common/ipc_channel_win.cc, line 332
[Child 128, Chrome_ChildThread] WARNING: pipe error:[Parent 3852, Gecko_IOThread] WARNING: pipe error: 109: file z:/build/build/src/ipc/chromium/src/chrome/common/ipc_channel_win.cc, line 332
[Parent 3852, Gecko_IOThread] WARNING: pipe error: 109: file z:/build/build/src/ipc/chromium/src/chrome/common/ipc_channel_win.cc, line 332
[Child 3460, Chrome_ChildThread] WARNING: pipe error: 109: file z:/build/build/src/ipc/chromium/src/chrome/common/ipc_channel_win.cc, line 332
[Child 3056, Chrome_ChildThread] WARNING: pipe error: 109: file z:/build/build/src/ipc/chromium/src/chrome/common/ipc_channel_win.cc, line 332
[Child 3056, Chrome_ChildThrea1558280850432	Marionette	INFO	Stopped listening on port 49512

###!!! [Child][RunMessage] Error: Channel closing: too late to send/recv, messages will be lost

[GPU 1032, Chrome_ChildT1558281218964	mozrunner::runner	INFO	Running command: ".\\Firefox\\App\\Firefox64\\firefox.exe" "-marionette" "-foreground" "-no-remote" "-profile" "C:\\Users\\VcTr\\AppData\\Local\\Temp\\rust_mozprofile.LU7J2ZSl1WHe"
1558281219910	addons.webextension.screenshots@mozilla.org	WARN	Loading extension 'screenshots@mozilla.org': Reading manifest: Invalid extension permission: mozillaAddons
1558281219911	addons.webextension.screenshots@mozilla.org	WARN	Loading extension 'screenshots@mozilla.org': Reading manifest: Invalid extension permission: resource://pdf.js/
1558281219911	addons.webextension.screenshots@mozilla.org	WARN	Loading extension 'screenshots@mozilla.org': Reading manifest: Invalid extension permission: about:reader*
1558281225287	Marionette	INFO	Listening on port 60011
1558281225478	Marionette	WARN	TLS certificate errors will be ignored for this session
[Parent 3284, Gecko_IOThread] WARNING: pipe error: 109: file z:/build/build/src/ipc/chromium/src/chrome/common/ipc_channel_win.cc, line 332
JavaScript error: https://secured.netflix.com/fp/check.js?org_id=lg9m47ph&session_id=b9b7a089-805a-4412-a0cc-b6d6dd574be1&pageid=2128, line 249: TypeError: td_3h is not a function
JavaScript error: https://secured.netflix.com/fp/check.js?org_id=lg9m47ph&session_id=9583cd82-b2d3-4367-a0ea-650502a15e87&pageid=2128, line 215: TypeError: td_0p is not a function
JavaScript error: https://secured.netflix.com/fp/check.js?org_id=lg9m47ph&session_id=a66e913a-f85e-4395-94ff-8be920c9c182&pageid=2128, line 252: TypeError: td_3u is not a function
[Parent 3284, Gecko_IOThread] WARNING: pipe error: 109: file z:/build/build/src/ipc/chromium/src/chrome/common/ipc_channel_win.cc, line 332
[Child 3404, Chrome_ChildThread] WARNING: pipe error: 109: file z:/build/build/src/ipc/chromium/src/chrome/common/ipc_channel_win.cc, line 332
[Child 3404, Chrome_ChildThread] WARNING: pipe error: 109: file z:/build/build/src/ipc/chromium/src/chrome/common/ipc_channel_win.cc, line 332
[Parent 3284, Gecko_IOThread] WARNING: pipe error: 109: file z:/build/build/src/ipc/chromium/src/chrome/common/ipc_channel_win.cc, line 332
[Child 3468, Chrome_ChildThread] WARNING: pipe error: 109: file z:/build/build/src/ipc/chromium/src/chrome/common/ipc_channel_win.cc, line 332
[Child 3468, Chrome_ChildThread] WARNING: pipe error: 109: file z:/build/build/src/ipc/chromium/src/chrome/common/ipc_channel_win.cc, line 332
[Child 3792, Chrome_ChildThread] WARNING: pipe error: 109: file z:/build/build/src/ipc/chromium/src/chrome/common/ipc_channel_win.cc, line 332
[Child 3792, Chrome_ChildThread] WARNING: pipe error: 109: file z:/build/build/src/ipc/chromium/src/chrome/common/ipc_channel_win.cc, line 332
[Parent 3284, Gecko_IOThread] WARNING: pipe error: 109: file z:/build/build/src/ipc/chromium/src/chrome/common/ipc_channel_win.cc, line 332
[Child 4564, Chrome_ChildThread] WARNING: pipe error: 109: file z:/build/build/src/ipc/chromium/src/chrome/common/ipc_channel_win.cc, line 332
[Child 4564, Chrome_ChildThread] WARNING: pipe error: 109: file z:/build/build/src/ipc/chromium/src/chrome/common/ipc_channel_win.cc, line 332
1558281263236	Marionette	INFO	Stopped listening on port 60011
[GPU 2261558281740726	mozrunner::runner	INFO	Running command: ".\\Firefox\\App\\Firefox64\\firefox.exe" "-marionette" "-foreground" "-no-remote" "-profile" "C:\\Users\\VcTr\\AppData\\Local\\Temp\\rust_mozprofile.YIn9snmJT4pT"
1558281741315	addons.webextension.screenshots@mozilla.org	WARN	Loading extension 'screenshots@mozilla.org': Reading manifest: Invalid extension permission: mozillaAddons
1558281741315	addons.webextension.screenshots@mozilla.org	WARN	Loading extension 'screenshots@mozilla.org': Reading manifest: Invalid extension permission: resource://pdf.js/
1558281741316	addons.webextension.screenshots@mozilla.org	WARN	Loading extension 'screenshots@mozilla.org': Reading manifest: Invalid extension permission: about:reader*
1558281745632	Marionette	INFO	Listening on port 60114
Exiting due to channel error.

###!!! [Parent][MessageChannel] Error: (msgtype=0x33000B,name=PCompositorWidget::Msg_UnobserveVsync) Channel error: cannot send/recv


###!!! [Parent][MessageChannel] Error: (msgtype=0x33000B,name=PCompositorWidget::Msg_UnobserveVsync) Channel error: cannot send/recv

1558282557250	mozrunner::runner	INFO	Running command: ".\\Firefox\\App\\Firefox64\\firefox.exe" "-marionette" "-foreground" "-no-remote" "-profile" "C:\\Users\\VcTr\\AppData\\Local\\Temp\\rust_mozprofile.TnaWJYGRniAu"
1558282557808	addons.webextension.screenshots@mozilla.org	WARN	Loading extension 'screenshots@mozilla.org': Reading manifest: Invalid extension permission: mozillaAddons
1558282557809	addons.webextension.screenshots@mozilla.org	WARN	Loading extension 'screenshots@mozilla.org': Reading manifest: Invalid extension permission: resource://pdf.js/
1558282557809	addons.webextension.screenshots@mozilla.org	WARN	Loading extension 'screenshots@mozilla.org': Reading manifest: Invalid extension permission: about:reader*
1558282562387	Marionette	INFO	Listening on port 60357
1558282562667	Marionette	WARN	TLS certificate errors will be ignored for this session
JavaScript error: https://secured.netflix.com/fp/check.js?org_id=lg9m47ph&session_id=39439029-253d-48ce-bfc4-221d452eceed&pageid=2128, line 211: ReferenceError: td_0K is not defined
JavaScript error: https://secured.netflix.com/fp/check.js?org_id=lg9m47ph&session_id=96cc31e3-ad7d-4255-8d11-82af7ec0a784&pageid=2128, line 9: TypeError: td_3y is not a function
JavaScript error: https://secured.netflix.com/fp/check.js?org_id=lg9m47ph&session_id=17ed362f-b256-4f77-8107-e4afd965362f&pageid=2128, line 111: TypeError: td_0t is not a function
JavaScript error: https://secured.netflix.com/fp/check.js?org_id=lg9m47ph&session_id=43f1a6f2-3c35-45e0-acdc-9671490ec18b&pageid=2128, line 7: TypeError: td_0d.td_1p is not a constructor
JavaScript error: https://secured.netflix.com/fp/check.js?org_id=lg9m47ph&session_id=06cb1854-44bb-4189-bebc-627cfc15d1b6&pageid=2128, line 96: TypeError: td_3w is not a function
JavaScript error: https://secured.netflix.com/fp/check.js?org_id=lg9m47ph&session_id=9fb6e855-a481-4ef8-9efa-eb0ff5a288d6&pageid=2128, line 7: TypeError: td_2C.td_3f is not a constructor
JavaScript error: https://secured.netflix.com/fp/check.js?org_id=lg9m47ph&session_id=d44cc58d-53bc-40b7-86d9-33da03ebaf69&pageid=2128, line 7: TypeError: td_3J.td_3e is not a constructor
JavaScript error: https://secured.netflix.com/fp/check.js?org_id=lg9m47ph&session_id=2dfb87ec-fe92-4357-a3f6-4fc82dedcb13&pageid=2128, line 7: TypeError: td_3u.td_2f is not a constructor
JavaScript error: https://secured.netflix.com/fp/check.js?org_id=lg9m47ph&session_id=2dfb87ec-fe92-4357-a3f6-4fc82dedcb13&pageid=2128, line 183: TypeError: td_3u.tdz_15d95c121b764d67b9ce71092b922574 is undefined
JavaScript error: https://secured.netflix.com/fp/check.js?org_id=lg9m47ph&session_id=e9bc6611-4245-4bd3-9b91-38878760a886&pageid=2128, line 7: TypeError: td_0b.td_0K is not a constructor
JavaScript error: https://secured.netflix.com/fp/check.js?org_id=lg9m47ph&session_id=e0711ad5-3622-42fa-b820-decbe46e4994&pageid=2128, line 45: TypeError: td_0s is not a function
JavaScript error: https://secured.netflix.com/fp/check.js?org_id=lg9m47ph&session_id=45d1c19c-027a-4b06-9cfe-45598d9c7f46&pageid=2128, line 156: TypeError: td_2Z is not a function
JavaScript error: https://secured.netflix.com/fp/check.js?org_id=lg9m47ph&session_id=39439029-253d-48ce-bfc4-221d452eceed&pageid=2128, line 141: TypeError: td_WK is undefined
JavaScript error: https://secured.netflix.com/fp/check.js?org_id=lg9m47ph&session_id=2064d0d7-ca96-40bd-b5c3-4dd846c8bd91&pageid=2128, line 15: TypeError: td_0X is not a function
JavaScript error: https://secured.netflix.com/fp/check.js?org_id=lg9m47ph&session_id=8c2a8279-a014-415a-b639-39ee06d6e6ef&pageid=2128, line 8: TypeError: td_1X.td_2H is undefined
JavaScript error: https://secured.netflix.com/fp/check.js?org_id=lg9m47ph&session_id=8c2a8279-a014-415a-b639-39ee06d6e6ef&pageid=2128, line 246: TypeError: td_1X.tdz_4d74310b80e5471b91b3a938f8619867 is undefined
JavaScript error: https://secured.netflix.com/fp/check.js?org_id=lg9m47ph&session_id=2b234efb-e5c6-4036-983a-20277b0379ef&pageid=2128, line 7: TypeError: td_0A.td_1H is not a constructor
[Parent 4708, Gecko_IOThread] WARNING: pipe error: 109: file z:/build/build/src/ipc/chromium/src/chrome/common/ipc_channel_win.cc, line 332
[Parent 4708, Gecko_IOThread] WARNING: pipe error: 109: file z:/build/build/src/ipc/chromium/src/chrome/common/ipc_channel_win.cc, line 332
[Child 4044, Chrome_ChildThread] WARNING: pipe error: 109: file z:/build/build/src/ipc/chromium/src/chrome/common/ipc_channel_win.cc, line 332
[Child 4044, Chrome_ChildThread] WARNING: pipe error: 109: file z:/build/build/src/ipc/chromium/src/chrome/common/ipc_channel_win.cc, line 332
[Child 3664, Chrome_ChildThread] WARNING: pipe error: 109: file z:/build/build/src/ipc/chromium/src/chrome/common/ipc_channel_win.cc, line 332
[Child 3664, Chrome_ChildThread] WARNING: pipe error: 109: file z:/build/build/src/ipc/chromium/src/chrome/common/ipc_channel_win.cc, line 332

###!!! [Child][RunMessage] Error: Channel closing: too late to send/recv, messages will be lost

[Parent 4708, Gecko_IOThread] WARNING: file z:/build/build/src/ipc/chromium/src/base/process_util_win.cc, line 166
[Parent 4708, Gecko_IOThread] WARNING: pipe error: 109: file z:/build/build/src/ipc/chromium/src/chrome/common/ipc_channel_win.cc, line 332
[Child 2956, Chrome_ChildThread] WARNING: pipe error: 109: file z:/build/build/src/ipc/chromium/src/chrome/common/ipc_channel_win.cc, line 332
[Child 2956, Chrome_ChildThread] WARNING: pipe error: 109: file z:/build/build/src/ipc/chromium[Parent 4708, Gecko_IOThread] WARNING: file z:/build/build/src/ipc/chromium/src/base/process_util_win.cc, line 166
1558282662597	Marionette	INFO	Stopped listening on port 60357
[GPU 4140, C
###!!! [Child][RunMessage] Error: Channel closing: too late to send/recv, messages will be lost


###!!! [Child][MessageChannel::SendAndWait] Error: Channel error: cannot send/recv

1558283075636	mozrunner::runner	INFO	Running command: ".\\Firefox\\App\\Firefox64\\firefox.exe" "-marionette" "-foreground" "-no-remote" "-profile" "C:\\Users\\VcTr\\AppData\\Local\\Temp\\rust_mozprofile.7TcSG3HciFqU"
1558283076359	addons.webextension.screenshots@mozilla.org	WARN	Loading extension 'screenshots@mozilla.org': Reading manifest: Invalid extension permission: mozillaAddons
1558283076359	addons.webextension.screenshots@mozilla.org	WARN	Loading extension 'screenshots@mozilla.org': Reading manifest: Invalid extension permission: resource://pdf.js/
1558283076359	addons.webextension.screenshots@mozilla.org	WARN	Loading extension 'screenshots@mozilla.org': Reading manifest: Invalid extension permission: about:reader*
1558283081515	Marionette	INFO	Listening on port 60507
1558283081646	Marionette	WARN	TLS certificate errors will be ignored for this session
JavaScript error: https://secured.netflix.com/fp/check.js?org_id=lg9m47ph&session_id=c897e11b-8342-424e-a93e-79eabad76b1d&pageid=2128, line 90: TypeError: td_2Q is not a function
JavaScript error: https://secured.netflix.com/fp/check.js?org_id=lg9m47ph&session_id=c897e11b-8342-424e-a93e-79eabad76b1d&pageid=2128, line 144: TypeError: td_1a.td_2q is not a function
JavaScript error: https://secured.netflix.com/fp/check.js?org_id=lg9m47ph&session_id=0d39cd4c-fd29-48fe-ad65-735ed3b9f50c&pageid=2128, line 66: TypeError: td_3Z is not a function
[Parent 2444, Gecko_IOThread] WARNING: pipe error: 109: file z:/build/build/src/ipc/chromium/src/chrome/common/ipc_channel_win.cc, line 332
[Child 4632, Chrome_ChildThread] WARNING: pipe error: 109: file z:/build/build/src/ipc/chromium/src/chrome/common/ipc_channel_win.cc,
###!!! [Child][RunMessage] Error: Channel closing: too late to send/recv, messages will be lost

 line 332
[Child 4632, Chrome_ChildThread] WARNING: pipe error: 109: file z:/build/build/src/ipc/chromium/src/chrome/common/ipc_channel_win.cc, line 332
[Child 3392, Chrome_ChildThread] WARNING: pipe error: 109: file z:/build/build/src/ipc/chromium/src/chrome/common/ipc_channel_win.cc, line 332
[Child 3392, Chrome_ChildThread] WARNING: pipe error: 109: file z:/build/build/src/ipc/chromium/src/chrome/common/ipc_channel_win.cc, line 332
[Parent 2444, Gecko_IOThread] WARNING: pipe error: 109: file z:/build/build/src/ipc/chromium/src/chrome/common/ipc_channel_win.cc, line 332
[Child 1468, Chrome_ChildThread] WARNING: pipe error: 109: file z:/build/build/src/ipc/chromium/src/chrome/common/ipc_channel_win.cc, line 332
[Child 1468, Chrome_ChildThread] WARNING: pipe error: 109: file z:/build/build/src/ipc/chromium/src/chrome/common/ipc_channel_win.cc, line 332
1558283200018	Marionette	INFO	Stopped listening on port 60507
[GPU
###!!! [Child][RunMessage] Error: Channel closing: too late to send/recv, messages will be lost

 4388, Chrome_ChildThread] WARNING: pipe error: 1558283763492	mozrunner::runner	INFO	Running command: ".\\Firefox\\App\\Firefox\\firefox.exe" "-marionette" "-foreground" "-no-remote" "-profile" "C:\\Users\\VcTr\\AppData\\Local\\Temp\\rust_mozprofile.riJdABOMURnd"
1558283770135	Marionette	INFO	Listening on port 60727
1558283770628	Marionette	WARN	TLS certificate errors will be ignored for this session
[Parent 2608, Gecko_IOThread] WARNING: pipe error: 109: file z:/build/build/src/ipc/chromium/src/chrome/common/ipc_channel_win.cc, line 346
[Child 3976, Chrome_ChildThread] WARNING: pipe error: 109: file z:/build/build/src/ipc/chromium/src/chrome/common/ipc_channel_win.cc, line 346
[Child 3976, Chrome_ChildThread] WARNING: pipe error: 109: file z:/build/build/src/ipc/chromium/src/chrome/common/ipc_channel_win.cc, line 346
[Child 1504, Chrome_ChildThread] WARNING: pipe error: 109: file z:/build/build/src/ipc/chromium/src/chrome/common/ipc_channel_win.cc, line 346
[Child 2836, Chrome_ChildThread] WARNING: pipe error: 109: file z:/build/build/src/ipc/chromium/src/chrome/common/ipc_channel_win.cc, line 346
[Child 2836, Chrome_ChildThread] WARNING: pipe error: 109: file z:/build/build/src/ipc/chromium/src/chrome/common/ipc_channel_win.cc, line 346
[Child 4440, Chrome_ChildThread] WARNING: pipe error: 109: file z:/build/build/src/ipc/chromium/src/chrome/common/ipc_channel_win.cc, line 346
[Child 4440, Chrome_ChildThread] WARNING: pipe error: 109: file z:/build/build/src/ipc/chromium/src/chrome/common/ipc_channel_win.cc, line 346
*** UTM:SVC TimerManager:registerTimer called after profile-before-change notification. Ignoring timer registration for id: telemetry_modules_ping

###!!! [Child][MessageChannel::SendAndWait] Error: Channel error: cannot send/recv

1558819354458	mozrunner::runner	INFO	Running command: ".\\Firefox\\App\\Firefox\\firefox.exe" "-marionette" "-foreground" "-no-remote" "-profile" "C:\\Users\\VcTr\\AppData\\Local\\Temp\\rust_mozprofile.KQY3jPvPBo00"
[Parent 6016, Gecko_IOThread] WARNING: pipe error: 109: file z:/build/build/src/ipc/chromium/src/chrome/common/ipc_channel_win.cc, line 346
[Child 5128, Chrome_ChildThread] WARNING: pipe error: 109: file z:/build/build/src/ipc/chromium/src/chrome/common/ipc_channel_win.cc, line 346
1558819383317	Marionette	INFO	Listening on port 61966
1558819383975	Marionette	WARN	TLS certificate errors will be ignored for this session
[Child 4280, Chrome_ChildThread] WARNING: pipe error: 109: file z:/build/build/src/ipc/chromium/src/chrome/common/ipc_channel_win.cc, line 346
[GPU 5600, Chrome_ChildThread] WARNING: pipe error: 109: file z:/build/build/src/ipc/chromium/src/chrome/common/ipc_channel_win.cc, line 346

###!!! [Child][MessageChannel::SendAndWait] Error: Channel error: cannot send/recv

1558819468596	mozrunner::runner	INFO	Running command: ".\\Firefox\\App\\Firefox\\firefox.exe" "-marionette" "-foreground" "-no-remote" "-profile" "C:\\Users\\VcTr\\AppData\\Local\\Temp\\rust_mozprofile.kKvc43BJEOoL"
1558819474569	Marionette	INFO	Listening on port 62152
1558819474632	Marionette	WARN	TLS certificate errors will be ignored for this session
[Child 2980, Chrome_ChildThread] WARNING: pipe error: 109: file z:/build/build/src/ipc/chromium/src/chrome/common/ipc_channel_win.cc, line 346
[Child 2980, Chrome_ChildThread] WARNING: pipe error: 109: file z:/build/build/src/ipc/chromium/src/chrome/common/ipc_channel_win.cc, line 346
[Child 4628, Chrome_ChildThread] WARNING: pipe error: 109: file z:/build/build/src/ipc/chromium/src/chrome/common/ipc_channel_win.cc, line 346
[Child 4628, Chrome_ChildThread] WARNING: pipe error: 109: file z:/build/build/src/ipc/chromium/src/chrome/common/ipc_channel_win.cc, line 346
[Parent 4520, Gecko_IOThread] WARNING: file z:/build/build/src/ipc/chromium/src/base/process_util_win.cc, line 188
*** UTM:SVC TimerManager:registerTimer called after profile-before-change notification. Ignoring timer registration for id: telemetry_modules_ping
[GPU 1132, Chrome_ChildThread] WARNING: pipe error: 109: file z:/build/build/src/ipc/chromium/src/chrome/common/ipc_channel_win.cc, line 346
1558819494483	mozrunner::runner	INFO	Running command: ".\\Firefox\\App\\Firefox\\firefox.exe" "-marionette" "-foreground" "-no-remote" "-profile" "C:\\Users\\VcTr\\AppData\\Local\\Temp\\rust_mozprofile.chtCPAlQgRPi"
1558819499763	Marionette	INFO	Listening on port 62243
1558819500363	Marionette	WARN	TLS certificate errors will be ignored for this session
console.warn: LoginRecipes: getRecipes: falling back to a synchronous message for: https://www.netflix.com
console.warn: nsLoginManager: searchLogins: `formSubmitURL` or `httpRealm` is recommended
console.warn: LoginRecipes: getRecipes: falling back to a synchronous message for: https://www.netflix.com
console.warn: nsLoginManager: searchLogins: `formSubmitURL` or `httpRealm` is recommended
JavaScript warning: resource://devtools/shared/base-loader.js -> resource://devtools/client/shared/demangle.js, line 0: Successfully compiled asm.js code (total compilation time 92ms; unable to cache asm.js in synchronous scripts; try loading asm.js via <script async> or createElement('script'))
console.warn: LoginRecipes: getRecipes: falling back to a synchronous message for: https://www.netflix.com
console.warn: nsLoginManager: searchLogins: `formSubmitURL` or `httpRealm` is recommended
console.warn: LoginRecipes: getRecipes: falling back to a synchronous message for: https://www.netflix.com
console.warn: nsLoginManager: searchLogins: `formSubmitURL` or `httpRealm` is recommended
[Parent 2296, Gecko_IOThread] WARNING: pipe error: 109: file z:/build/build/src/ipc/chromium/src/chrome/common/ipc_channel_win.cc, line 346
[Child 1604, Chrome_ChildThread] WARNING: pipe error: 109: file z:/build/build/src/ipc/chromium/src/chrome/common/ipc_channel_win.cc, line 346
[Child 1604, Chrome_ChildThread] WARNING: pipe error: 109: file z:/build/build/src/ipc/chromium/src/chrome/common/ipc_channel_win.cc, line 346
[Parent 2296, Gecko_IOThread] WARNING: file z:/build/build/src/ipc/chromium/src/base/process_util_win.cc, line 188

###!!! [Child][MessageChannel::SendAndWait] Error: (msgtype=0x4A0006,name=PImageBridge::Msg_WillClose) Channel error: cannot send/recv

1558819672134	mozrunner::runner	INFO	Running command: ".\\Firefox\\App\\Firefox\\firefox.exe" "-marionette" "-foreground" "-no-remote" "-profile" "C:\\Users\\VcTr\\AppData\\Local\\Temp\\rust_mozprofile.os7DFKrVQKRD"
1558819677184	Marionette	INFO	Listening on port 62524
1558819677858	Marionette	WARN	TLS certificate errors will be ignored for this session
console.warn: LoginRecipes: getRecipes: falling back to a synchronous message for: https://www.netflix.com
console.warn: nsLoginManager: searchLogins: `formSubmitURL` or `httpRealm` is recommended
[Parent 3920, Gecko_IOThread] WARNING: pipe error: 109: file z:/build/build/src/ipc/chromium/src/chrome/common/ipc_channel_win.cc, line 346
[Child 4744, Chrome_ChildThread] WARNING: pipe error: 109: file z:/build/build/src/ipc/chromium/src/chrome/common/ipc_channel_win.cc, line 346
[Child 4056, Chrome_ChildThread] WARNING: pipe error: 109: file z:/build/build/src/ipc/chromium/src/chrome/common/ipc_channel_win.cc, line 346
[Child 4056, Chrome_ChildThread] WARNING: pipe error: 109: file z:/build/build/src/ipc/chromium/src/chrome/common/ipc_channel_win.cc, line 346
[Child 2660, Chrome_ChildThread] WARNING: pipe error: 109: file z:/build/build/src/ipc/chromium/src/chrome/common/ipc_channel_win.cc, line 346
[Child 2660, Chrome_ChildThread] WARNING: pipe error: 109: file z:/build/build/src/ipc/chromium/src/chrome/common/ipc_channel_win.cc, line 346
*** UTM:SVC TimerManager:registerTimer called after profile-before-change notification. Ignoring timer registration for id: telemetry_modules_ping
[GPU 5924, Chrome_ChildThread] WARNING: pipe error: 109: file z:/build/build/src/ipc/chromium/src/chrome/common/ipc_channel_win.cc, line 346

###!!! [Child][MessageChannel::SendAndWait] Error: Channel error: cannot send/recv

1558819727765	mozrunner::runner	INFO	Running command: ".\\Firefox\\App\\Firefox\\firefox.exe" "-marionette" "-foreground" "-no-remote" "-profile" "C:\\Users\\VcTr\\AppData\\Local\\Temp\\rust_mozprofile.AK3ci1PPH2VF"
1558819733130	Marionette	INFO	Listening on port 62665
1558819733186	Marionette	WARN	TLS certificate errors will be ignored for this session
[Child 5448, Chrome_ChildThread] WARNING: pipe error: 109: file z:/build/build/src/ipc/chromium/src/chrome/common/ipc_channel_win.cc, line 346
[Child 5448, Chrome_ChildThread] WARNING: pipe error: 109: file z:/build/build/src/ipc/chromium/src/chrome/common/ipc_channel_win.cc, line 346
[Child 3344, Chrome_ChildThread] WARNING: pipe error: 109: file z:/build/build/src/ipc/chromium/src/chrome/common/ipc_channel_win.cc, line 346
[Child 3344, Chrome_ChildThread] WARNING: pipe error: 109: file z:/build/build/src/ipc/chromium/src/chrome/common/ipc_channel_win.cc, line 346
[Child 4956, Chrome_ChildThread] WARNING: pipe error: 109: file z:/build/build/src/ipc/chromium/src/chrome/common/ipc_channel_win.cc, line 346
[Child 4956, Chrome_ChildThread] WARNING: pipe error: 109: file z:/build/build/src/ipc/chromium/src/chrome/common/ipc_channel_win.cc, line 346

###!!! [Child][MessageChannel::SendAndWait] Error: Channel error: cannot send/recv

1558819923371	mozrunner::runner	INFO	Running command: ".\\Firefox\\App\\Firefox\\firefox.exe" "-marionette" "-foreground" "-no-remote" "-profile" "C:\\Users\\VcTr\\AppData\\Local\\Temp\\rust_mozprofile.PoQhIaY345ag"
1558819928858	Marionette	INFO	Listening on port 62939
1558819928897	Marionette	WARN	TLS certificate errors will be ignored for this session
[Child 5384, Chrome_ChildThread] WARNING: pipe error: 109: file z:/build/build/src/ipc/chromium/src/chrome/common/ipc_channel_win.cc, line 346
[Child 672, Chrome_ChildThread] WARNING: pipe error: 109: file z:/build/build/src/ipc/chromium/src/chrome/common/ipc_channel_win.cc, line 346
[Child 672, Chrome_ChildThread] WARNING: pipe error: 109: file z:/build/build/src/ipc/chromium/src/chrome/common/ipc_channel_win.cc, line 346
[Parent 1584, Gecko_IOThread] WARNING: pipe error: 109: file z:/build/build/src/ipc/chromium/src/chrome/common/ipc_channel_win.cc, line 346
[Child 4200, Chrome_ChildThread] WARNING: pipe error: 109: file z:/build/build/src/ipc/chromium/src/chrome/common/ipc_channel_win.cc, line 346
[Child 4200, Chrome_ChildThread] WARNING: pipe error: 109: file z:/build/build/src/ipc/chromium/src/chrome/common/ipc_channel_win.cc, line 346
[GPU 2180, Chrome_ChildThread] WARNING: pipe error: 109: file z:/build/build/src/ipc/chromium/src/chrome/common/ipc_channel_win.cc, line 346

###!!! [Child][MessageChannel::SendAndWait] Error: Channel error: cannot send/recv

1558876693826	mozrunner::runner	INFO	Running command: ".\\Firefox\\App\\Firefox\\firefox.exe" "-marionette" "-foreground" "-no-remote" "-profile" "C:\\Users\\VcTr\\AppData\\Local\\Temp\\rust_mozprofile.XFztMevy19lq"
1558876700797	Marionette	INFO	Listening on port 49591
1558876701312	Marionette	WARN	TLS certificate errors will be ignored for this session
1558876749046	mozrunner::runner	INFO	Running command: ".\\Firefox\\App\\Firefox\\firefox.exe" "-marionette" "-foreground" "-no-remote" "-profile" "C:\\Users\\VcTr\\AppData\\Local\\Temp\\rust_mozprofile.Z20fAxvrw7CR"
IPDL protocol error: Handler returned error code!

###!!! [Parent][DispatchAsyncMessage] Error: PLayerTransaction::Msg_ReleaseLayer Processing error: message was deserialized, but the handler returned false (indicating failure)

1558876755122	Marionette	INFO	Listening on port 49647
1558876755826	Marionette	WARN	TLS certificate errors will be ignored for this session
[Child 5016, Chrome_ChildThread] WARNING: pipe error: 109: file z:/build/build/src/ipc/chromium/src/chrome/common/ipc_channel_win.cc, line 346
[Child 5016, Chrome_ChildThread] WARNING: pipe error: 109: file z:/build/build/src/ipc/chromium/src/chrome/common/ipc_channel_win.cc, line 346
[Child 2668, Chrome_ChildThread] WARNING: pipe error: 109: file z:/build/build/src/ipc/chromium/src/chrome/common/ipc_channel_win.cc, line 346
[Child 2668, Chrome_ChildThread] WARNING: pipe error: 109: file z:/build/build/src/ipc/chromium/src/chrome/common/ipc_channel_win.cc, line 346
[Child 4916, Chrome_ChildThread] WARNING: pipe error: 109: file z:/build/build/src/ipc/chromium/src/chrome/common/ipc_channel_win.cc, line 346
[Child 4916, Chrome_ChildThread] WARNING: pipe error: 109: file z:/build/build/src/ipc/chromium/src/chrome/common/ipc_channel_win.cc, line 346
*** UTM:SVC TimerManager:registerTimer called after profile-before-change notification. Ignoring timer registration for id: telemetry_modules_ping

###!!! [Child][MessageChannel::SendAndWait] Error: Channel error: cannot send/recv

1558876791934	mozrunner::runner	INFO	Running command: ".\\Firefox\\App\\Firefox\\firefox.exe" "-marionette" "-foreground" "-no-remote" "-profile" "C:\\Users\\VcTr\\AppData\\Local\\Temp\\rust_mozprofile.KL6cLYErHxpl"
1558876797122	Marionette	INFO	Listening on port 49712
1558876797556	Marionette	WARN	TLS certificate errors will be ignored for this session
[Child 2088, Chrome_ChildThread] WARNING: pipe error: 109: file z:/build/build/src/ipc/chromium/src/chrome/common/ipc_channel_win.cc, line 346
[Child 2088, Chrome_ChildThread] WARNING: pipe error: 109: file z:/build/build/src/ipc/chromium/src/chrome/common/ipc_channel_win.cc, line 346
1558876897039	mozrunner::runner	INFO	Running command: ".\\Firefox\\App\\Firefox\\firefox.exe" "-marionette" "-foreground" "-no-remote" "-profile" "C:\\Users\\VcTr\\AppData\\Local\\Temp\\rust_mozprofile.lwzgibFSNdHS"
1558876903051	Marionette	INFO	Listening on port 49793
1558876903249	Marionette	WARN	TLS certificate errors will be ignored for this session
[Parent 4592, Gecko_IOThread] WARNING: pipe error: 109: file z:/build/build/src/ipc/chromium/src/chrome/common/ipc_channel_win.cc, line 346
[Child 2732, Chrome_ChildThread] WARNING: pipe error: 109: file z:/build/build/src/ipc/chromium/src/chrome/common/ipc_channel_win.cc, line 346
[Child 2732, Chrome_ChildThread] WARNING: pipe error: 109: file z:/build/build/src/ipc/chromium/src/chrome/common/ipc_channel_win.cc, line 346

###!!! [Child][RunMessage] Error: Channel closing: too late to send/recv, messages will be lost

[Child 5024, Chrome_ChildThread] WARNING: pipe error: 109: file z:/build/build/src/ipc/chromium/src/chrome/common/ipc_channel_win.cc, line 346
[Child 5024, Chrome_ChildThread] WARNING: pipe error: 109: file z:/build/build/src/ipc/chromium/src/chrome/common/ipc_channel_win.cc, line 346
[Child 4752, Chrome_ChildThread] WARNING: pipe error: 109: file z:/build/build/src/ipc/chromium/src/chrome/common/ipc_channel_win.cc, line 346
[Child 4752, Chrome_ChildThread] WARNING: pipe error: 109: file z:/build/build/src/ipc/chromium/src/chrome/common/ipc_channel_win.cc, line 346
[Child 5044, Chrome_ChildThread] WARNING: pipe error: 109: file z:/build/build/src/ipc/chromium/src/chrome/common/ipc_channel_win.cc, line 346
[Child 5044, Chrome_ChildThread] WARNING: pipe error: 109: file z:/build/build/src/ipc/chromium/src/chrome/common/ipc_channel_win.cc, line 346
*** UTM:SVC TimerManager:registerTimer called after profile-before-change notification. Ignoring timer registration for id: telemetry_modules_ping
[GPU 4840, Chrome_ChildThread] WARNING: pipe error: 109: file z:/build/build/src/ipc/chromium/src/chrome/common/ipc_channel_win.cc, line 346

###!!! [Child][MessageChannel::SendAndWait] Error: Channel error: cannot send/recv

1558876969463	mozrunner::runner	INFO	Running command: ".\\Firefox\\App\\Firefox\\firefox.exe" "-marionette" "-foreground" "-no-remote" "-profile" "C:\\Users\\VcTr\\AppData\\Local\\Temp\\rust_mozprofile.Ppeh1HGxWhrC"
1558876974204	Marionette	INFO	Listening on port 49881
1558876974828	Marionette	WARN	TLS certificate errors will be ignored for this session
[Child 4940, Chrome_ChildThread] WARNING: pipe error: 109: file z:/build/build/src/ipc/chromium/src/chrome/common/ipc_channel_win.cc, line 346
[Child 4940, Chrome_ChildThread] WARNING: pipe error: 109: file z:/build/build/src/ipc/chromium/src/chrome/common/ipc_channel_win.cc, line 346
[Child 712, Chrome_ChildThread] WARNING: pipe error: 109: file z:/build/build/src/ipc/chromium/src/chrome/common/ipc_channel_win.cc, line 346
[Child 712, Chrome_ChildThread] WARNING: pipe error: 109: file z:/build/build/src/ipc/chromium/src/chrome/common/ipc_channel_win.cc, line 346
[Child 4284, Chrome_ChildThread] WARNING: pipe error: 109: file z:/build/build/src/ipc/chromium/src/chrome/common/ipc_channel_win.cc, line 346
[Child 4284, Chrome_ChildThread] WARNING: pipe error: 109: file z:/build/build/src/ipc/chromium/src/chrome/common/ipc_channel_win.cc, line 346
*** UTM:SVC TimerManager:registerTimer called after profile-before-change notification. Ignoring timer registration for id: telemetry_modules_ping
[GPU 4360, Chrome_ChildThread] WARNING: pipe error: 109: file z:/build/build/src/ipc/chromium/src/chrome/common/ipc_channel_win.cc, line 346

###!!! [Child][MessageChannel::SendAndWait] Error: Channel error: cannot send/recv

1558877001324	mozrunner::runner	INFO	Running command: ".\\Firefox\\App\\Firefox\\firefox.exe" "-marionette" "-foreground" "-no-remote" "-profile" "C:\\Users\\VcTr\\AppData\\Local\\Temp\\rust_mozprofile.25jSwHO4QfbP"
1558877006280	Marionette	INFO	Listening on port 49953
1558877006842	Marionette	WARN	TLS certificate errors will be ignored for this session
[Child 2820, Chrome_ChildThread] WARNING: pipe error: 109: file z:/build/build/src/ipc/chromium/src/chrome/common/ipc_channel_win.cc, line 346
[Child 2820, Chrome_ChildThread] WARNING: pipe error: 109: file z:/build/build/src/ipc/chromium/src/chrome/common/ipc_channel_win.cc, line 346
[Child 3768, Chrome_ChildThread] WARNING: pipe error: 109: file z:/build/build/src/ipc/chromium/src/chrome/common/ipc_channel_win.cc, line 346
[Child 3768, Chrome_ChildThread] WARNING: pipe error: 109: file z:/build/build/src/ipc/chromium/src/chrome/common/ipc_channel_win.cc, line 346

###!!! [Child][MessageChannel::SendAndWait] Error: Channel error: cannot send/recv

1558877076383	mozrunner::runner	INFO	Running command: ".\\Firefox\\App\\Firefox\\firefox.exe" "-marionette" "-foreground" "-no-remote" "-profile" "C:\\Users\\VcTr\\AppData\\Local\\Temp\\rust_mozprofile.UvzDxyL2WlOf"
1558877081215	Marionette	INFO	Listening on port 50022
1558877081835	Marionette	WARN	TLS certificate errors will be ignored for this session
console.warn: LoginRecipes: getRecipes: falling back to a synchronous message for: https://www.netflix.com
console.warn: nsLoginManager: searchLogins: `formSubmitURL` or `httpRealm` is recommended
console.warn: LoginRecipes: getRecipes: falling back to a synchronous message for: https://www.netflix.com
console.warn: nsLoginManager: searchLogins: `formSubmitURL` or `httpRealm` is recommended
console.warn: LoginRecipes: getRecipes: falling back to a synchronous message for: https://www.netflix.com
console.warn: nsLoginManager: searchLogins: `formSubmitURL` or `httpRealm` is recommended
console.warn: LoginRecipes: getRecipes: falling back to a synchronous message for: https://www.netflix.com
console.warn: nsLoginManager: searchLogins: `formSubmitURL` or `httpRealm` is recommended
console.warn: LoginRecipes: getRecipes: falling back to a synchronous message for: https://www.netflix.com
console.warn: nsLoginManager: searchLogins: `formSubmitURL` or `httpRealm` is recommended
console.warn: LoginRecipes: getRecipes: falling back to a synchronous message for: https://www.netflix.com
console.warn: nsLoginManager: searchLogins: `formSubmitURL` or `httpRealm` is recommended
console.warn: LoginRecipes: getRecipes: falling back to a synchronous message for: https://www.netflix.com
console.warn: nsLoginManager: searchLogins: `formSubmitURL` or `httpRealm` is recommended
1558877180033	mozrunner::runner	INFO	Running command: ".\\Firefox\\App\\Firefox\\firefox.exe" "-marionette" "-foreground" "-no-remote" "-profile" "C:\\Users\\VcTr\\AppData\\Local\\Temp\\rust_mozprofile.NvGpiyG3rRGt"
1558877185061	Marionette	INFO	Listening on port 50101
1558877185437	Marionette	WARN	TLS certificate errors will be ignored for this session
console.warn: LoginRecipes: getRecipes: falling back to a synchronous message for: https://www.netflix.com
console.warn: nsLoginManager: searchLogins: `formSubmitURL` or `httpRealm` is recommended
console.warn: LoginRecipes: getRecipes: falling back to a synchronous message for: https://www.netflix.com
console.warn: nsLoginManager: searchLogins: `formSubmitURL` or `httpRealm` is recommended
Handler function NetworkEventActorProxy.addSecurityInfo threw an exception: [Exception... "Component returned failure code: 0xc1f30001 (NS_ERROR_NOT_INITIALIZED) [nsIMessageSender.sendAsyncMessage]"  nsresult: "0xc1f30001 (NS_ERROR_NOT_INITIALIZED)"  location: "JS frame :: resource://devtools/shared/base-loader.js -> resource://devtools/shared/webconsole/network-monitor.js :: NetworkEventActorProxy.methodFactory/< :: line 1875"  data: no]
Stack: NetworkEventActorProxy.methodFactory/<@resource://devtools/shared/base-loader.js -> resource://devtools/shared/webconsole/network-monitor.js:1875:5
exports.makeInfallible/<@resource://devtools/shared/base-loader.js -> resource://devtools/shared/ThreadSafeDevToolsUtils.js:109:14
NetworkResponseListener.prototype._getSecurityInfo<@resource://devtools/shared/base-loader.js -> resource://devtools/shared/webconsole/network-monitor.js:521:5
exports.makeInfallible/<@resource://devtools/shared/base-loader.js -> resource://devtools/shared/ThreadSafeDevToolsUtils.js:109:14
onStartRequest@resource://devtools/shared/base-loader.js -> resource://devtools/shared/webconsole/network-monitor.js:441:5
Line: 1875, column: 0
console.error: "Handler function NetworkEventActorProxy.addSecurityInfo threw an exception: [Exception... \"Component returned failure code: 0xc1f30001 (NS_ERROR_NOT_INITIALIZED) [nsIMessageSender.sendAsyncMessage]\"  nsresult: \"0xc1f30001 (NS_ERROR_NOT_INITIALIZED)\"  location: \"JS frame :: resource://devtools/shared/base-loader.js -> resource://devtools/shared/webconsole/network-monitor.js :: NetworkEventActorProxy.methodFactory/< :: line 1875\"  data: no]\nStack: NetworkEventActorProxy.methodFactory/<@resource://devtools/shared/base-loader.js -> resource://devtools/shared/webconsole/network-monitor.js:1875:5\nexports.makeInfallible/<@resource://devtools/shared/base-loader.js -> resource://devtools/shared/ThreadSafeDevToolsUtils.js:109:14\nNetworkResponseListener.prototype._getSecurityInfo<@resource://devtools/shared/base-loader.js -> resource://devtools/shared/webconsole/network-monitor.js:521:5\nexports.makeInfallible/<@resource://devtools/shared/base-loader.js -> resource://devtools/shared/ThreadSafeDevToolsUtils.js:109:14\nonStartRequest@resource://devtools/shared/base-loader.js -> resource://devtools/shared/webconsole/network-monitor.js:441:5\nLine: 1875, column: 0"
Handler function NetworkEventActorProxy.addResponseContent threw an exception: [Exception... "Component returned failure code: 0xc1f30001 (NS_ERROR_NOT_INITIALIZED) [nsIMessageSender.sendAsyncMessage]"  nsresult: "0xc1f30001 (NS_ERROR_NOT_INITIALIZED)"  location: "JS frame :: resource://devtools/shared/base-loader.js -> resource://devtools/shared/webconsole/network-monitor.js :: NetworkEventActorProxy.methodFactory/< :: line 1875"  data: no]
Stack: NetworkEventActorProxy.methodFactory/<@resource://devtools/shared/base-loader.js -> resource://devtools/shared/webconsole/network-monitor.js:1875:5
exports.makeInfallible/<@resource://devtools/shared/base-loader.js -> resource://devtools/shared/ThreadSafeDevToolsUtils.js:109:14
_onComplete@resource://devtools/shared/base-loader.js -> resource://devtools/shared/webconsole/network-monitor.js:651:5
onStreamClose@resource://devtools/shared/base-loader.js -> resource://devtools/shared/webconsole/network-monitor.js:608:7
onInputStreamReady@resource://devtools/shared/base-loader.js -> resource://devtools/shared/webconsole/network-monitor.js:702:7
Line: 1875, column: 0
console.error: "Handler function NetworkEventActorProxy.addResponseContent threw an exception: [Exception... \"Component returned failure code: 0xc1f30001 (NS_ERROR_NOT_INITIALIZED) [nsIMessageSender.sendAsyncMessage]\"  nsresult: \"0xc1f30001 (NS_ERROR_NOT_INITIALIZED)\"  location: \"JS frame :: resource://devtools/shared/base-loader.js -> resource://devtools/shared/webconsole/network-monitor.js :: NetworkEventActorProxy.methodFactory/< :: line 1875\"  data: no]\nStack: NetworkEventActorProxy.methodFactory/<@resource://devtools/shared/base-loader.js -> resource://devtools/shared/webconsole/network-monitor.js:1875:5\nexports.makeInfallible/<@resource://devtools/shared/base-loader.js -> resource://devtools/shared/ThreadSafeDevToolsUtils.js:109:14\n_onComplete@resource://devtools/shared/base-loader.js -> resource://devtools/shared/webconsole/network-monitor.js:651:5\nonStreamClose@resource://devtools/shared/base-loader.js -> resource://devtools/shared/webconsole/network-monitor.js:608:7\nonInputStreamReady@resource://devtools/shared/base-loader.js -> resource://devtools/shared/webconsole/network-monitor.js:702:7\nLine: 1875, column: 0"
[Child 2956, Chrome_ChildThread] WARNING: pipe error: 109: file z:/build/build/src/ipc/chromium/src/chrome/common/ipc_channel_win.cc, line 346
[Child 2956, Chrome_ChildThread] WARNING: pipe error: 109: file z:/build/build/src/ipc/chromium/src/chrome/common/ipc_channel_win.cc, line 346
[Parent 708, Gecko_IOThread] WARNING: file z:/build/build/src/ipc/chromium/src/base/process_util_win.cc, line 188
*** UTM:SVC TimerManager:registerTimer called after profile-before-change notification. Ignoring timer registration for id: telemetry_modules_ping

###!!! [Child][MessageChannel::SendAndWait] Error: Channel error: cannot send/recv

1558877267404	mozrunner::runner	INFO	Running command: ".\\Firefox\\App\\Firefox\\firefox.exe" "-marionette" "-foreground" "-no-remote" "-profile" "C:\\Users\\VcTr\\AppData\\Local\\Temp\\rust_mozprofile.4gDmqyIRws2J"
1558877272827	Marionette	INFO	Listening on port 50199
1558877272909	Marionette	WARN	TLS certificate errors will be ignored for this session
[Parent 3252, Gecko_IOThread] WARNING: pipe error: 109: file z:/build/build/src/ipc/chromium/src/chrome/common/ipc_channel_win.cc, line 346
[Parent 3252, Gecko_IOThread] WARNING: pipe error: 109: file z:/build/build/src/ipc/chromium/src/chrome/common/ipc_channel_win.cc, line 346
[Child 4140, Chrome_ChildThread] WARNING: pipe error: 109: file z:/build/build/src/ipc/chromium/src/chrome/common/ipc_channel_win.cc, line 346
[Child 4140, Chrome_ChildThread] WARNING: pipe error: 109: file z:/build/build/src/ipc/chromium/src/chrome/common/ipc_channel_win.cc, line 346
[Child 3204, Chrome_ChildThread] WARNING: pipe error: 109: file z:/build/build/src/ipc/chromium/src/chrome/common/ipc_channel_win.cc, line 346
[Child 3200, Chrome_ChildThread] WARNING: pipe error: 109: file z:/build/build/src/ipc/chromium/src/chrome/common/ipc_channel_win.cc, line 346
[Child 3200, Chrome_ChildThread] WARNING: pipe error: 109: file z:/build/build/src/ipc/chromium/src/chrome/common/ipc_channel_win.cc, line 346
[Parent 3252, Gecko_IOThread] WARNING: file z:/build/build/src/ipc/chromium/src/base/process_util_win.cc, line 188

###!!! [Child][MessageChannel::SendAndWait] Error: Channel error: cannot send/recv

1558877371568	mozrunner::runner	INFO	Running command: ".\\Firefox\\App\\Firefox\\firefox.exe" "-marionette" "-foreground" "-no-remote" "-profile" "C:\\Users\\VcTr\\AppData\\Local\\Temp\\rust_mozprofile.6L3UWZhKD3F6"
console.error: "Could not write session state file " (new Error("_initWorker called too early! Please read the session file from disk first.", "resource:///modules/sessionstore/SessionFile.jsm", 337)) "_initWorker/<@resource:///modules/sessionstore/SessionFile.jsm:337:15\n_initWorker@resource:///modules/sessionstore/SessionFile.jsm:330:12\n_postToWorker@resource:///modules/sessionstore/SessionFile.jsm:354:11\nwrite@resource:///modules/sessionstore/SessionFile.jsm:394:19\nwrite@resource:///modules/sessionstore/SessionFile.jsm:66:12\n_writeState@resource:///modules/sessionstore/SessionSaver.jsm:357:12\n_saveState@resource:///modules/sessionstore/SessionSaver.jsm:295:12\n_saveStateAsync@resource:///modules/sessionstore/SessionSaver.jsm:341:5\nsaveStateAsyncWhenIdle@resource:///modules/sessionstore/SessionSaver.jsm:192:9\n"
1558877377737	Marionette	INFO	Listening on port 50279
1558877378095	Marionette	WARN	TLS certificate errors will be ignored for this session
console.warn: LoginRecipes: getRecipes: falling back to a synchronous message for: https://www.netflix.com
console.warn: nsLoginManager: searchLogins: `formSubmitURL` or `httpRealm` is recommended
1558877466452	mozrunner::runner	INFO	Running command: ".\\Firefox\\App\\Firefox\\firefox.exe" "-marionette" "-foreground" "-no-remote" "-profile" "C:\\Users\\VcTr\\AppData\\Local\\Temp\\rust_mozprofile.WtjeLkd5IdkZ"
1558877471796	Marionette	INFO	Listening on port 50354
1558877471939	Marionette	WARN	TLS certificate errors will be ignored for this session
[Child 2608, Chrome_ChildThread] WARNING: pipe error: 109: file z:/build/build/src/ipc/chromium/src/chrome/common/ipc_channel_win.cc, line 346
[Child 2608, Chrome_ChildThread] WARNING: pipe error: 109: file z:/build/build/src/ipc/chromium/src/chrome/common/ipc_channel_win.cc, line 346
[GPU 4928, Chrome_ChildThread] WARNING: pipe error: 109: file z:/build/build/src/ipc/chromium/src/chrome/common/ipc_channel_win.cc, line 346
[Parent 4144, Gecko_IOThread] WARNING: pipe error: 232: file z:/build/build/src/ipc/chromium/src/chrome/common/ipc_channel_win.cc, line 513
1558877552100	mozrunner::runner	INFO	Running command: ".\\Firefox\\App\\Firefox\\firefox.exe" "-marionette" "-foreground" "-no-remote" "-profile" "C:\\Users\\VcTr\\AppData\\Local\\Temp\\rust_mozprofile.YPKWyUyHtLgL"
1558877557879	Marionette	INFO	Listening on port 50433
1558877558252	Marionette	WARN	TLS certificate errors will be ignored for this session
[Parent 3584, Gecko_IOThread] WARNING: pipe error: 109: file z:/build/build/src/ipc/chromium/src/chrome/common/ipc_channel_win.cc, line 346
[Parent 3584, Gecko_IOThread] WARNING: pipe error: 109: file z:/build/build/src/ipc/chromium/src/chrome/common/ipc_channel_win.cc, line 346
[Child 3612, Chrome_ChildThread] WARNING: pipe error: 109: file z:/build/build/src/ipc/chromium/src/chrome/common/ipc_channel_win.cc, line 346
[Child 3612, Chrome_ChildThread] WARNING: pipe error: 109: file z:/build/build/src/ipc/chromium/src/chrome/common/ipc_channel_win.cc, line 346
[Child 4164, Chrome_ChildThread] WARNING: pipe error: 109: file z:/build/[Child 2576, Chrome_ChildThread] WARNING: pipe error: 109: file z:/build/build/src/ipc/chromium/src/chrome/common/ipc_channel_win.cc, line 346
[Child 2576, Chrome_ChildThread] WARNING: pipe error: 109: file z:/buil[Child 4176, Chrome_ChildThread] WARNING: pipe error: 109: file z:/build/build/src/ipc/chromium/src/chrome/common/ipc_channel_win.cc, line 346
[Child 4176, Chrome_ChildThread] WARNING: pip*** UTM:SVC TimerManager:registerTimer called after profile-before-change notification. Ignoring timer registration for id: telemetry_modules_ping

###!!! [Child][MessageChannel::SendAndWait] Error: Channel error:1558877689869	mozrunner::runner	INFO	Running command: ".\\Firefox\\App\\Firefox\\firefox.exe" "-marionette" "-foreground" "-no-remote" "-profile" "C:\\Users\\VcTr\\AppData\\Local\\Temp\\rust_mozprofile.wTFOIAE0XKQQ"
1558877695316	Marionette	INFO	Listening on port 50580
1558877695621	Marionette	WARN	TLS certificate errors will be ignored for this session
console.warn: LoginRecipes: getRecipes: falling back to a synchronous message for: https://www.netflix.com
console.warn: nsLoginManager: searchLogins: `formSubmitURL` or `httpRealm` is recommended
console.warn: LoginRecipes: getRecipes: falling back to a synchronous message for: https://www.netflix.com
console.warn: nsLoginManager: searchLogins: `formSubmitURL` or `httpRealm` is recommended
console.warn: LoginRecipes: getRecipes: falling back to a synchronous message for: https://www.netflix.com
console.warn: nsLoginManager: searchLogins: `formSubmitURL` or `httpRealm` is recommended
console.warn: LoginRecipes: getRecipes: falling back to a synchronous message for: https://www.netflix.com
console.warn: nsLoginManager: searchLogins: `formSubmitURL` or `httpRealm` is recommended
Handler function NetworkEventActorProxy.addSecurityInfo threw an exception: [Exception... "Component returned failure code: 0xc1f30001 (NS_ERROR_NOT_INITIALIZED) [nsIMessageSender.sendAsyncMessage]"  nsresult: "0xc1f30001 (NS_ERROR_NOT_INITIALIZED)"  location: "JS frame :: resource://devtools/shared/base-loader.js -> resource://devtools/shared/webconsole/network-monitor.js :: NetworkEventActorProxy.methodFactory/< :: line 1875"  data: no]
Stack: NetworkEventActorProxy.methodFactory/<@resource://devtools/shared/base-loader.js -> resource://devtools/shared/webconsole/network-monitor.js:1875:5
exports.makeInfallible/<@resource://devtools/shared/base-loader.js -> resource://devtools/shared/ThreadSafeDevToolsUtils.js:109:14
NetworkResponseListener.prototype._getSecurityInfo<@resource://devtools/shared/base-loader.js -> resource://devtools/shared/webconsole/network-monitor.js:521:5
exports.makeInfallible/<@resource://devtools/shared/base-loader.js -> resource://devtools/shared/ThreadSafeDevToolsUtils.js:109:14
onStartRequest@resource://devtools/shared/base-loader.js -> resource://devtools/shared/webconsole/network-monitor.js:441:5
Line: 1875, column: 0
console.error: "Handler function NetworkEventActorProxy.addSecurityInfo threw an exception: [Exception... \"Component returned failure code: 0xc1f30001 (NS_ERROR_NOT_INITIALIZED) [nsIMessageSender.sendAsyncMessage]\"  nsresult: \"0xc1f30001 (NS_ERROR_NOT_INITIALIZED)\"  location: \"JS frame :: resource://devtools/shared/base-loader.js -> resource://devtools/shared/webconsole/network-monitor.js :: NetworkEventActorProxy.methodFactory/< :: line 1875\"  data: no]\nStack: NetworkEventActorProxy.methodFactory/<@resource://devtools/shared/base-loader.js -> resource://devtools/shared/webconsole/network-monitor.js:1875:5\nexports.makeInfallible/<@resource://devtools/shared/base-loader.js -> resource://devtools/shared/ThreadSafeDevToolsUtils.js:109:14\nNetworkResponseListener.prototype._getSecurityInfo<@resource://devtools/shared/base-loader.js -> resource://devtools/shared/webconsole/network-monitor.js:521:5\nexports.makeInfallible/<@resource://devtools/shared/base-loader.js -> resource://devtools/shared/ThreadSafeDevToolsUtils.js:109:14\nonStartRequest@resource://devtools/shared/base-loader.js -> resource://devtools/shared/webconsole/network-monitor.js:441:5\nLine: 1875, column: 0"
Handler function NetworkEventActorProxy.addResponseContent threw an exception: [Exception... "Component returned failure code: 0xc1f30001 (NS_ERROR_NOT_INITIALIZED) [nsIMessageSender.sendAsyncMessage]"  nsresult: "0xc1f30001 (NS_ERROR_NOT_INITIALIZED)"  location: "JS frame :: resource://devtools/shared/base-loader.js -> resource://devtools/shared/webconsole/network-monitor.js :: NetworkEventActorProxy.methodFactory/< :: line 1875"  data: no]
Stack: NetworkEventActorProxy.methodFactory/<@resource://devtools/shared/base-loader.js -> resource://devtools/shared/webconsole/network-monitor.js:1875:5
exports.makeInfallible/<@resource://devtools/shared/base-loader.js -> resource://devtools/shared/ThreadSafeDevToolsUtils.js:109:14
_onComplete@resource://devtools/shared/base-loader.js -> resource://devtools/shared/webconsole/network-monitor.js:651:5
onStreamClose@resource://devtools/shared/base-loader.js -> resource://devtools/shared/webconsole/network-monitor.js:608:7
onInputStreamReady@resource://devtools/shared/base-loader.js -> resource://devtools/shared/webconsole/network-monitor.js:702:7
Line: 1875, column: 0
console.error: "Handler function NetworkEventActorProxy.addResponseContent threw an exception: [Exception... \"Component returned failure code: 0xc1f30001 (NS_ERROR_NOT_INITIALIZED) [nsIMessageSender.sendAsyncMessage]\"  nsresult: \"0xc1f30001 (NS_ERROR_NOT_INITIALIZED)\"  location: \"JS frame :: resource://devtools/shared/base-loader.js -> resource://devtools/shared/webconsole/network-monitor.js :: NetworkEventActorProxy.methodFactory/< :: line 1875\"  data: no]\nStack: NetworkEventActorProxy.methodFactory/<@resource://devtools/shared/base-loader.js -> resource://devtools/shared/webconsole/network-monitor.js:1875:5\nexports.makeInfallible/<@resource://devtools/shared/base-loader.js -> resource://devtools/shared/ThreadSafeDevToolsUtils.js:109:14\n_onComplete@resource://devtools/shared/base-loader.js -> resource://devtools/shared/webconsole/network-monitor.js:651:5\nonStreamClose@resource://devtools/shared/base-loader.js -> resource://devtools/shared/webconsole/network-monitor.js:608:7\nonInputStreamReady@resource://devtools/shared/base-loader.js -> resource://devtools/shared/webconsole/network-monitor.js:702:7\nLine: 1875, column: 0"
[Parent 2172, Gecko_IOThread] WARNING: pipe error: 109: file z:/build/build/src/ipc/chromium/src/chrome/common/ipc_channel_win.cc, line 346
[Child 4712, Chrome_ChildThread] WARNING: pipe error: 109: file z:/build/build/src/ipc/chromium/src/chrome/common/ipc_channel_win.cc, line 346
[Child 4712, Chrome_ChildThread] WARNING: pipe error: 109: file z:/build/build/src/ipc/chromium/src/chrome/common/ipc_channel_win.cc, line 346
[Child 1136, Chrome_ChildThread] WARNING: pipe error: 109: file z:/build/build/src/ipc/chromium/src/chrome/common/ipc_channel_win.cc, line 346
[Child 1136, Chrome_ChildThread] WARNING: pipe error: 109: file z:/build/build/src/ipc/chromium/src/chrome/common/ipc_channel_win.cc, line 346
[Parent 2172, Gecko_IOThread] WARNING: pipe error: 109: file z:/build/build/src/ipc/chromium/src/chrome/common/ipc_channel_win.cc, line 346
[Child 3992, Chrome_ChildThread] WARNING: pipe error: 109: file z:/build/build/src/ipc/chromium/src/chrome/common/ipc_channel_win.cc, line 346
[Child 3992, Chrome_ChildThread] WARNING: pipe error: 109: file z:/build/build/src/ipc/chromium/src/chrome/common/ipc_channel_win.cc, line 346

###!!! [Child][MessageChannel::SendAndWait] Error: (msgtype=0x4A0006,name=PImageBridge::Msg_WillClose) Channel error: cannot send/recv

1558877948800	mozrunner::runner	INFO	Running command: ".\\Firefox\\App\\Firefox\\firefox.exe" "-marionette" "-foreground" "-no-remote" "-profile" "C:\\Users\\VcTr\\AppData\\Local\\Temp\\rust_mozprofile.00PezerKuFM8"
1558877955027	Marionette	INFO	Listening on port 50686
1558877955336	Marionette	WARN	TLS certificate errors will be ignored for this session
JavaScript error: https://secured.netflix.com/fp/check.js?org_id=lg9m47ph&session_id=c56819c5-beda-4b95-9a61-6603b3722b34&pageid=2718, line 124: TypeError: td_3b is not a function
JavaScript error: https://secured.netflix.com/fp/check.js?org_id=lg9m47ph&session_id=746deaae-d488-4393-bf5c-15d4721abdf6&pageid=2718, line 104: TypeError: td_2S is not a function
JavaScript error: https://secured.netflix.com/fp/check.js?org_id=lg9m47ph&session_id=d4d0a413-734a-4a31-bbc6-2bee40bf53af&pageid=2718, line 201: TypeError: td_3c is not a function
JavaScript error: https://secured.netflix.com/fp/check.js?org_id=lg9m47ph&session_id=c56819c5-beda-4b95-9a61-6603b3722b34&pageid=2718, line 10: TypeError: td_0i is not a function
JavaScript error: https://secured.netflix.com/fp/check.js?org_id=lg9m47ph&session_id=c56819c5-beda-4b95-9a61-6603b3722b34&pageid=2718, line 10: TypeError: td_0i is not a function
JavaScript error: https://secured.netflix.com/fp/check.js?org_id=lg9m47ph&session_id=1d1ab833-35ac-403b-ac09-2e5c8fa49ff6&pageid=2718, line 7: TypeError: td_3k.td_0Z is not a constructor
JavaScript error: https://secured.netflix.com/fp/check.js?org_id=lg9m47ph&session_id=746deaae-d488-4393-bf5c-15d4721abdf6&pageid=2718, line 6: TypeError: td_W is undefined
JavaScript error: https://secured.netflix.com/fp/check.js?org_id=lg9m47ph&session_id=ca9c0e04-a666-4260-b887-ad13da15f239&pageid=2718, line 170: TypeError: td_3s is not a function
JavaScript error: https://secured.netflix.com/fp/check.js?org_id=lg9m47ph&session_id=e18af9e8-fde5-4463-8928-4a2345962537&pageid=2718, line 7: TypeError: td_0m.td_2J is not a constructor
JavaScript error: https://secured.netflix.com/fp/check.js?org_id=lg9m47ph&session_id=ca9c0e04-a666-4260-b887-ad13da15f239&pageid=2718, line 164: TypeError: td_z is undefined
JavaScript error: https://secured.netflix.com/fp/check.js?org_id=lg9m47ph&session_id=a051268d-c157-43b8-9ccd-a05491664ad4&pageid=2718, line 15: TypeError: td_1E is not a function
JavaScript error: https://secured.netflix.com/fp/check.js?org_id=lg9m47ph&session_id=44f2c1ac-4a2f-41a8-a6a6-94d5aa6a2e69&pageid=2718, line 256: TypeError: td_0w.td_1M is not a function
[Child 3344, Chrome_ChildThread] WARNING: pipe error: 109: file z:/build/build/src/ipc/chromium/src/chrome/common/ipc_channel_win.cc, line 346
[Child 3344, Chrome_ChildThread] WARNING: pipe error: 109: file z:/build/build/src/ipc/chromium/src/chrome/common/ipc_channel_win.cc, line 346
[Parent 2348, Gecko_IOThread] WARNING: pipe error: 109: file z:/build/build/src/ipc/chromium/src/chrome/common/ipc_channel_win.cc, line 346
[Child 292, Chrome_ChildThread] WARNING: pipe error: 109: file z:/build/build/src/ipc/chromium/src/chrome/common/ipc_channel_win.cc, line 346
[Child 292, Chrome_ChildThread] WARNING: pipe error: 109: file z:/build/build/src/ipc/chromium/src/chrome/common/ipc_channel_win.cc, line 346
[Parent 2348, Gecko_IOThread] WARNING: file z:/build/build/src/ipc/chromium/src/base/process_util_win.cc, line 188
[GPU 3508, Chrome_ChildThread] WARNING: pipe error: 109: file z:/build/build/src/ipc/chromium/src/chrome/common/ipc_channel_win.cc, line 346

###!!! [Child][MessageChannel::SendAndWait] Error: Channel error: cannot send/recv

